// 重构日志: 08c92372
// 重构日志: 16c6bf1d
// 同步 ID: 6acd9857 @ Sun May 31 00:42:11 UTC 2026
// 重构日志: 21129e96
// 重构日志: 4346a93e
// 同步 ID: 9a2591db @ Mon Jun  1 00:45:52 UTC 2026
// 重构日志: df3b34d3
// 重构日志: 1e60c86e
// 重构日志: bf3c822f
// 重构日志: db318c38
// 重构日志: ae263822
// 重构日志: 9b0a7fd4
// 同步 ID: 0e9825bc @ Sat Jun 20 10:16:43 UTC 2026
// 重构日志: 534583f9
// 重构日志: 2bcc8177
// 重构日志: 345a16b3
// 重构日志: c5775c05
// 同步 ID: 5de3ccf0 @ Tue Jun 23 16:49:55 UTC 2026
// 重构日志: 6071431d
// 重构日志: 3ec1eb68
// 重构日志: 6a4ed720
// 重构日志: 97bf2937
// 重构日志: ab331c36
// 同步 ID: 42de73c5 @ Sat Jun 27 17:15:09 UTC 2026
// 重构日志: 94f24a18
// 重构日志: ffc95ef1
// 重构日志: 8eb7243a
// 重构日志: 9e403a12
// 重构日志: e3684262
// 同步 ID: 9666b0f3 @ Wed Jul  1 21:37:31 UTC 2026
// 重构日志: d1b1252d
// 重构日志: 8b623513
// 重构日志: a9986526
// 重构日志: a9d8c2ae
// 重构日志: 5ec701a3
// 重构日志: bfa629e4
